<?xml version="1.0" encoding="UTF-8"?>
<testsuite xmlns:xsi="http://www.w3.org/2001/XMLSchema-instance" xsi:noNamespaceSchemaLocation="https://maven.apache.org/surefire/maven-surefire-plugin/xsd/surefire-test-report.xsd" name="assignment.TestCase" time="0.188" tests="15" errors="0" skipped="0" failures="0">
  <properties>
    <property name="awt.toolkit" value="sun.lwawt.macosx.LWCToolkit"/>
    <property name="java.specification.version" value="12"/>
    <property name="sun.jnu.encoding" value="UTF-8"/>
    <property name="user.region" value="US"/>
    <property name="java.class.path" value="/Users/kishoreramamurthy/Desktop/affinipay/dropwizard/dropwizard-example/target/test-classes:/Users/kishoreramamurthy/Desktop/affinipay/dropwizard/dropwizard-example/target/classes:/Users/kishoreramamurthy/.m2/repository/io/dropwizard/dropwizard-core/2.0.13/dropwizard-core-2.0.13.jar:/Users/kishoreramamurthy/.m2/repository/io/dropwizard/dropwizard-util/2.0.13/dropwizard-util-2.0.13.jar:/Users/kishoreramamurthy/.m2/repository/io/dropwizard/dropwizard-jackson/2.0.13/dropwizard-jackson-2.0.13.jar:/Users/kishoreramamurthy/.m2/repository/com/fasterxml/jackson/core/jackson-core/2.10.5/jackson-core-2.10.5.jar:/Users/kishoreramamurthy/.m2/repository/com/fasterxml/jackson/datatype/jackson-datatype-jsr310/2.10.5/jackson-datatype-jsr310-2.10.5.jar:/Users/kishoreramamurthy/.m2/repository/com/fasterxml/jackson/datatype/jackson-datatype-jdk8/2.10.5/jackson-datatype-jdk8-2.10.5.jar:/Users/kishoreramamurthy/.m2/repository/com/fasterxml/jackson/module/jackson-module-parameter-names/2.10.5/jackson-module-parameter-names-2.10.5.jar:/Users/kishoreramamurthy/.m2/repository/com/fasterxml/jackson/module/jackson-module-afterburner/2.10.5/jackson-module-afterburner-2.10.5.jar:/Users/kishoreramamurthy/.m2/repository/com/fasterxml/jackson/datatype/jackson-datatype-joda/2.10.5/jackson-datatype-joda-2.10.5.jar:/Users/kishoreramamurthy/.m2/repository/io/dropwizard/dropwizard-validation/2.0.13/dropwizard-validation-2.0.13.jar:/Users/kishoreramamurthy/.m2/repository/com/fasterxml/classmate/1.5.1/classmate-1.5.1.jar:/Users/kishoreramamurthy/.m2/repository/org/glassfish/jakarta.el/3.0.3/jakarta.el-3.0.3.jar:/Users/kishoreramamurthy/.m2/repository/io/dropwizard/dropwizard-configuration/2.0.13/dropwizard-configuration-2.0.13.jar:/Users/kishoreramamurthy/.m2/repository/com/fasterxml/jackson/dataformat/jackson-dataformat-yaml/2.10.5/jackson-dataformat-yaml-2.10.5.jar:/Users/kishoreramamurthy/.m2/repository/org/yaml/snakeyaml/1.26/snakeyaml-1.26.jar:/Users/kishoreramamurthy/.m2/repository/org/apache/commons/commons-text/1.9/commons-text-1.9.jar:/Users/kishoreramamurthy/.m2/repository/io/dropwizard/dropwizard-logging/2.0.13/dropwizard-logging-2.0.13.jar:/Users/kishoreramamurthy/.m2/repository/io/dropwizard/metrics/metrics-logback/4.1.12.1/metrics-logback-4.1.12.1.jar:/Users/kishoreramamurthy/.m2/repository/org/slf4j/jul-to-slf4j/1.7.30/jul-to-slf4j-1.7.30.jar:/Users/kishoreramamurthy/.m2/repository/ch/qos/logback/logback-core/1.2.3/logback-core-1.2.3.jar:/Users/kishoreramamurthy/.m2/repository/io/dropwizard/logback/logback-throttling-appender/1.1.0/logback-throttling-appender-1.1.0.jar:/Users/kishoreramamurthy/.m2/repository/org/slf4j/log4j-over-slf4j/1.7.30/log4j-over-slf4j-1.7.30.jar:/Users/kishoreramamurthy/.m2/repository/org/slf4j/jcl-over-slf4j/1.7.30/jcl-over-slf4j-1.7.30.jar:/Users/kishoreramamurthy/.m2/repository/io/dropwizard/dropwizard-metrics/2.0.13/dropwizard-metrics-2.0.13.jar:/Users/kishoreramamurthy/.m2/repository/io/dropwizard/dropwizard-jersey/2.0.13/dropwizard-jersey-2.0.13.jar:/Users/kishoreramamurthy/.m2/repository/org/glassfish/jersey/ext/jersey-metainf-services/2.31/jersey-metainf-services-2.31.jar:/Users/kishoreramamurthy/.m2/repository/org/glassfish/jersey/inject/jersey-hk2/2.31/jersey-hk2-2.31.jar:/Users/kishoreramamurthy/.m2/repository/org/glassfish/hk2/hk2-locator/2.6.1/hk2-locator-2.6.1.jar:/Users/kishoreramamurthy/.m2/repository/io/dropwizard/metrics/metrics-jersey2/4.1.12.1/metrics-jersey2-4.1.12.1.jar:/Users/kishoreramamurthy/.m2/repository/org/glassfish/hk2/hk2-api/2.6.1/hk2-api-2.6.1.jar:/Users/kishoreramamurthy/.m2/repository/org/glassfish/hk2/hk2-utils/2.6.1/hk2-utils-2.6.1.jar:/Users/kishoreramamurthy/.m2/repository/org/glassfish/hk2/external/aopalliance-repackaged/2.6.1/aopalliance-repackaged-2.6.1.jar:/Users/kishoreramamurthy/.m2/repository/org/glassfish/jersey/containers/jersey-container-servlet/2.31/jersey-container-servlet-2.31.jar:/Users/kishoreramamurthy/.m2/repository/io/dropwizard/dropwizard-servlets/2.0.13/dropwizard-servlets-2.0.13.jar:/Users/kishoreramamurthy/.m2/repository/io/dropwizard/dropwizard-jetty/2.0.13/dropwizard-jetty-2.0.13.jar:/Users/kishoreramamurthy/.m2/repository/org/eclipse/jetty/jetty-servlets/9.4.31.v20200723/jetty-servlets-9.4.31.v20200723.jar:/Users/kishoreramamurthy/.m2/repository/org/eclipse/jetty/jetty-continuation/9.4.31.v20200723/jetty-continuation-9.4.31.v20200723.jar:/Users/kishoreramamurthy/.m2/repository/io/dropwizard/dropwizard-lifecycle/2.0.13/dropwizard-lifecycle-2.0.13.jar:/Users/kishoreramamurthy/.m2/repository/io/dropwizard/metrics/metrics-core/4.1.12.1/metrics-core-4.1.12.1.jar:/Users/kishoreramamurthy/.m2/repository/io/dropwizard/metrics/metrics-jetty9/4.1.12.1/metrics-jetty9-4.1.12.1.jar:/Users/kishoreramamurthy/.m2/repository/io/dropwizard/metrics/metrics-jvm/4.1.12.1/metrics-jvm-4.1.12.1.jar:/Users/kishoreramamurthy/.m2/repository/io/dropwizard/metrics/metrics-jmx/4.1.12.1/metrics-jmx-4.1.12.1.jar:/Users/kishoreramamurthy/.m2/repository/io/dropwizard/metrics/metrics-servlets/4.1.12.1/metrics-servlets-4.1.12.1.jar:/Users/kishoreramamurthy/.m2/repository/io/dropwizard/metrics/metrics-json/4.1.12.1/metrics-json-4.1.12.1.jar:/Users/kishoreramamurthy/.m2/repository/com/helger/profiler/1.1.1/profiler-1.1.1.jar:/Users/kishoreramamurthy/.m2/repository/io/dropwizard/metrics/metrics-healthchecks/4.1.12.1/metrics-healthchecks-4.1.12.1.jar:/Users/kishoreramamurthy/.m2/repository/io/dropwizard/dropwizard-request-logging/2.0.13/dropwizard-request-logging-2.0.13.jar:/Users/kishoreramamurthy/.m2/repository/ch/qos/logback/logback-access/1.2.3/logback-access-1.2.3.jar:/Users/kishoreramamurthy/.m2/repository/ch/qos/logback/logback-classic/1.2.3/logback-classic-1.2.3.jar:/Users/kishoreramamurthy/.m2/repository/com/fasterxml/jackson/core/jackson-annotations/2.10.5/jackson-annotations-2.10.5.jar:/Users/kishoreramamurthy/.m2/repository/com/fasterxml/jackson/core/jackson-databind/2.10.5/jackson-databind-2.10.5.jar:/Users/kishoreramamurthy/.m2/repository/com/google/code/findbugs/jsr305/3.0.2/jsr305-3.0.2.jar:/Users/kishoreramamurthy/.m2/repository/jakarta/servlet/jakarta.servlet-api/4.0.4/jakarta.servlet-api-4.0.4.jar:/Users/kishoreramamurthy/.m2/repository/jakarta/validation/jakarta.validation-api/2.0.2/jakarta.validation-api-2.0.2.jar:/Users/kishoreramamurthy/.m2/repository/jakarta/ws/rs/jakarta.ws.rs-api/2.1.6/jakarta.ws.rs-api-2.1.6.jar:/Users/kishoreramamurthy/.m2/repository/net/sourceforge/argparse4j/argparse4j/0.8.1/argparse4j-0.8.1.jar:/Users/kishoreramamurthy/.m2/repository/org/eclipse/jetty/jetty-security/9.4.31.v20200723/jetty-security-9.4.31.v20200723.jar:/Users/kishoreramamurthy/.m2/repository/org/eclipse/jetty/jetty-server/9.4.31.v20200723/jetty-server-9.4.31.v20200723.jar:/Users/kishoreramamurthy/.m2/repository/org/eclipse/jetty/jetty-servlet/9.4.31.v20200723/jetty-servlet-9.4.31.v20200723.jar:/Users/kishoreramamurthy/.m2/repository/org/eclipse/jetty/jetty-util/9.4.31.v20200723/jetty-util-9.4.31.v20200723.jar:/Users/kishoreramamurthy/.m2/repository/org/eclipse/jetty/toolchain/setuid/jetty-setuid-java/1.0.4/jetty-setuid-java-1.0.4.jar:/Users/kishoreramamurthy/.m2/repository/org/glassfish/hk2/external/jakarta.inject/2.6.1/jakarta.inject-2.6.1.jar:/Users/kishoreramamurthy/.m2/repository/org/glassfish/jersey/core/jersey-common/2.31/jersey-common-2.31.jar:/Users/kishoreramamurthy/.m2/repository/org/glassfish/hk2/osgi-resource-locator/1.0.3/osgi-resource-locator-1.0.3.jar:/Users/kishoreramamurthy/.m2/repository/com/sun/activation/jakarta.activation/1.2.2/jakarta.activation-1.2.2.jar:/Users/kishoreramamurthy/.m2/repository/org/glassfish/jersey/ext/jersey-bean-validation/2.31/jersey-bean-validation-2.31.jar:/Users/kishoreramamurthy/.m2/repository/org/hibernate/validator/hibernate-validator/6.1.5.Final/hibernate-validator-6.1.5.Final.jar:/Users/kishoreramamurthy/.m2/repository/org/jboss/logging/jboss-logging/3.3.2.Final/jboss-logging-3.3.2.Final.jar:/Users/kishoreramamurthy/.m2/repository/org/slf4j/slf4j-api/1.7.30/slf4j-api-1.7.30.jar:/Users/kishoreramamurthy/.m2/repository/io/dropwizard/dropwizard-auth/2.0.13/dropwizard-auth-2.0.13.jar:/Users/kishoreramamurthy/.m2/repository/io/dropwizard/metrics/metrics-caffeine/4.1.12.1/metrics-caffeine-4.1.12.1.jar:/Users/kishoreramamurthy/.m2/repository/com/github/ben-manes/caffeine/caffeine/2.8.5/caffeine-2.8.5.jar:/Users/kishoreramamurthy/.m2/repository/org/checkerframework/checker-qual/3.6.0/checker-qual-3.6.0.jar:/Users/kishoreramamurthy/.m2/repository/com/google/errorprone/error_prone_annotations/2.4.0/error_prone_annotations-2.4.0.jar:/Users/kishoreramamurthy/.m2/repository/com/google/guava/guava/29.0-jre/guava-29.0-jre.jar:/Users/kishoreramamurthy/.m2/repository/com/google/guava/failureaccess/1.0.1/failureaccess-1.0.1.jar:/Users/kishoreramamurthy/.m2/repository/com/google/guava/listenablefuture/9999.0-empty-to-avoid-conflict-with-guava/listenablefuture-9999.0-empty-to-avoid-conflict-with-guava.jar:/Users/kishoreramamurthy/.m2/repository/com/google/j2objc/j2objc-annotations/1.3/j2objc-annotations-1.3.jar:/Users/kishoreramamurthy/.m2/repository/jakarta/annotation/jakarta.annotation-api/1.3.5/jakarta.annotation-api-1.3.5.jar:/Users/kishoreramamurthy/.m2/repository/org/glassfish/jersey/containers/jersey-container-servlet-core/2.31/jersey-container-servlet-core-2.31.jar:/Users/kishoreramamurthy/.m2/repository/org/glassfish/jersey/core/jersey-server/2.31/jersey-server-2.31.jar:/Users/kishoreramamurthy/.m2/repository/org/glassfish/jersey/media/jersey-media-jaxb/2.31/jersey-media-jaxb-2.31.jar:/Users/kishoreramamurthy/.m2/repository/io/dropwizard/dropwizard-assets/2.0.13/dropwizard-assets-2.0.13.jar:/Users/kishoreramamurthy/.m2/repository/io/dropwizard/dropwizard-http2/2.0.13/dropwizard-http2-2.0.13.jar:/Users/kishoreramamurthy/.m2/repository/org/eclipse/jetty/jetty-alpn-server/9.4.31.v20200723/jetty-alpn-server-9.4.31.v20200723.jar:/Users/kishoreramamurthy/.m2/repository/org/eclipse/jetty/jetty-http/9.4.31.v20200723/jetty-http-9.4.31.v20200723.jar:/Users/kishoreramamurthy/.m2/repository/org/eclipse/jetty/http2/http2-server/9.4.31.v20200723/http2-server-9.4.31.v20200723.jar:/Users/kishoreramamurthy/.m2/repository/org/eclipse/jetty/http2/http2-common/9.4.31.v20200723/http2-common-9.4.31.v20200723.jar:/Users/kishoreramamurthy/.m2/repository/org/eclipse/jetty/http2/http2-hpack/9.4.31.v20200723/http2-hpack-9.4.31.v20200723.jar:/Users/kishoreramamurthy/.m2/repository/org/glassfish/jersey/core/jersey-client/2.31/jersey-client-2.31.jar:/Users/kishoreramamurthy/.m2/repository/org/eclipse/jetty/jetty-alpn-java-server/9.4.31.v20200723/jetty-alpn-java-server-9.4.31.v20200723.jar:/Users/kishoreramamurthy/.m2/repository/org/eclipse/jetty/jetty-alpn-java-client/9.4.31.v20200723/jetty-alpn-java-client-9.4.31.v20200723.jar:/Users/kishoreramamurthy/.m2/repository/org/eclipse/jetty/jetty-alpn-client/9.4.31.v20200723/jetty-alpn-client-9.4.31.v20200723.jar:/Users/kishoreramamurthy/.m2/repository/io/dropwizard/dropwizard-hibernate/2.0.13/dropwizard-hibernate-2.0.13.jar:/Users/kishoreramamurthy/.m2/repository/io/dropwizard/dropwizard-db/2.0.13/dropwizard-db-2.0.13.jar:/Users/kishoreramamurthy/.m2/repository/com/fasterxml/jackson/datatype/jackson-datatype-hibernate5/2.10.5/jackson-datatype-hibernate5-2.10.5.jar:/Users/kishoreramamurthy/.m2/repository/javax/transaction/javax.transaction-api/1.3/javax.transaction-api-1.3.jar:/Users/kishoreramamurthy/.m2/repository/javax/persistence/javax.persistence-api/2.2/javax.persistence-api-2.2.jar:/Users/kishoreramamurthy/.m2/repository/joda-time/joda-time/2.10.6/joda-time-2.10.6.jar:/Users/kishoreramamurthy/.m2/repository/org/apache/tomcat/tomcat-jdbc/9.0.37/tomcat-jdbc-9.0.37.jar:/Users/kishoreramamurthy/.m2/repository/org/apache/tomcat/tomcat-juli/9.0.37/tomcat-juli-9.0.37.jar:/Users/kishoreramamurthy/.m2/repository/org/javassist/javassist/3.27.0-GA/javassist-3.27.0-GA.jar:/Users/kishoreramamurthy/.m2/repository/org/jadira/usertype/usertype.core/7.0.0.CR1/usertype.core-7.0.0.CR1.jar:/Users/kishoreramamurthy/.m2/repository/org/jadira/usertype/usertype.spi/7.0.0.CR1/usertype.spi-7.0.0.CR1.jar:/Users/kishoreramamurthy/.m2/repository/org/hibernate/hibernate-core/5.4.21.Final/hibernate-core-5.4.21.Final.jar:/Users/kishoreramamurthy/.m2/repository/antlr/antlr/2.7.7/antlr-2.7.7.jar:/Users/kishoreramamurthy/.m2/repository/org/jboss/spec/javax/transaction/jboss-transaction-api_1.2_spec/1.1.1.Final/jboss-transaction-api_1.2_spec-1.1.1.Final.jar:/Users/kishoreramamurthy/.m2/repository/org/jboss/jandex/2.1.3.Final/jandex-2.1.3.Final.jar:/Users/kishoreramamurthy/.m2/repository/org/dom4j/dom4j/2.1.3/dom4j-2.1.3.jar:/Users/kishoreramamurthy/.m2/repository/org/hibernate/common/hibernate-commons-annotations/5.1.0.Final/hibernate-commons-annotations-5.1.0.Final.jar:/Users/kishoreramamurthy/.m2/repository/org/glassfish/jaxb/jaxb-runtime/2.3.1/jaxb-runtime-2.3.1.jar:/Users/kishoreramamurthy/.m2/repository/org/glassfish/jaxb/txw2/2.3.1/txw2-2.3.1.jar:/Users/kishoreramamurthy/.m2/repository/com/sun/istack/istack-commons-runtime/3.0.7/istack-commons-runtime-3.0.7.jar:/Users/kishoreramamurthy/.m2/repository/org/jvnet/staxex/stax-ex/1.8/stax-ex-1.8.jar:/Users/kishoreramamurthy/.m2/repository/com/sun/xml/fastinfoset/FastInfoset/1.2.15/FastInfoset-1.2.15.jar:/Users/kishoreramamurthy/.m2/repository/jakarta/activation/jakarta.activation-api/1.2.2/jakarta.activation-api-1.2.2.jar:/Users/kishoreramamurthy/.m2/repository/jakarta/xml/bind/jakarta.xml.bind-api/2.3.3/jakarta.xml.bind-api-2.3.3.jar:/Users/kishoreramamurthy/.m2/repository/io/dropwizard/dropwizard-migrations/2.0.13/dropwizard-migrations-2.0.13.jar:/Users/kishoreramamurthy/.m2/repository/org/apache/commons/commons-lang3/3.11/commons-lang3-3.11.jar:/Users/kishoreramamurthy/.m2/repository/org/liquibase/liquibase-core/3.10.2/liquibase-core-3.10.2.jar:/Users/kishoreramamurthy/.m2/repository/com/mattbertolini/liquibase-slf4j/2.0.0/liquibase-slf4j-2.0.0.jar:/Users/kishoreramamurthy/.m2/repository/io/dropwizard/dropwizard-views-freemarker/2.0.13/dropwizard-views-freemarker-2.0.13.jar:/Users/kishoreramamurthy/.m2/repository/io/dropwizard/dropwizard-views/2.0.13/dropwizard-views-2.0.13.jar:/Users/kishoreramamurthy/.m2/repository/org/freemarker/freemarker/2.3.30/freemarker-2.3.30.jar:/Users/kishoreramamurthy/.m2/repository/io/dropwizard/dropwizard-views-mustache/2.0.13/dropwizard-views-mustache-2.0.13.jar:/Users/kishoreramamurthy/.m2/repository/com/github/spullara/mustache/java/compiler/0.9.6/compiler-0.9.6.jar:/Users/kishoreramamurthy/.m2/repository/com/h2database/h2/1.4.200/h2-1.4.200.jar:/Users/kishoreramamurthy/.m2/repository/io/dropwizard/dropwizard-testing/2.0.13/dropwizard-testing-2.0.13.jar:/Users/kishoreramamurthy/.m2/repository/io/dropwizard/metrics/metrics-annotation/4.1.12.1/metrics-annotation-4.1.12.1.jar:/Users/kishoreramamurthy/.m2/repository/com/fasterxml/jackson/datatype/jackson-datatype-guava/2.10.5/jackson-datatype-guava-2.10.5.jar:/Users/kishoreramamurthy/.m2/repository/com/fasterxml/jackson/jaxrs/jackson-jaxrs-json-provider/2.10.5/jackson-jaxrs-json-provider-2.10.5.jar:/Users/kishoreramamurthy/.m2/repository/com/fasterxml/jackson/jaxrs/jackson-jaxrs-base/2.10.5/jackson-jaxrs-base-2.10.5.jar:/Users/kishoreramamurthy/.m2/repository/com/fasterxml/jackson/module/jackson-module-jaxb-annotations/2.10.5/jackson-module-jaxb-annotations-2.10.5.jar:/Users/kishoreramamurthy/.m2/repository/org/eclipse/jetty/jetty-io/9.4.31.v20200723/jetty-io-9.4.31.v20200723.jar:/Users/kishoreramamurthy/.m2/repository/org/glassfish/jersey/test-framework/jersey-test-framework-core/2.31/jersey-test-framework-core-2.31.jar:/Users/kishoreramamurthy/.m2/repository/org/junit/jupiter/junit-jupiter/5.6.2/junit-jupiter-5.6.2.jar:/Users/kishoreramamurthy/.m2/repository/org/junit/jupiter/junit-jupiter-api/5.6.2/junit-jupiter-api-5.6.2.jar:/Users/kishoreramamurthy/.m2/repository/org/apiguardian/apiguardian-api/1.1.0/apiguardian-api-1.1.0.jar:/Users/kishoreramamurthy/.m2/repository/org/opentest4j/opentest4j/1.2.0/opentest4j-1.2.0.jar:/Users/kishoreramamurthy/.m2/repository/org/junit/platform/junit-platform-commons/1.6.2/junit-platform-commons-1.6.2.jar:/Users/kishoreramamurthy/.m2/repository/org/junit/jupiter/junit-jupiter-params/5.6.2/junit-jupiter-params-5.6.2.jar:/Users/kishoreramamurthy/.m2/repository/org/junit/jupiter/junit-jupiter-engine/5.6.2/junit-jupiter-engine-5.6.2.jar:/Users/kishoreramamurthy/.m2/repository/org/junit/platform/junit-platform-engine/1.6.2/junit-platform-engine-1.6.2.jar:/Users/kishoreramamurthy/.m2/repository/org/testcontainers/junit-jupiter/1.14.3/junit-jupiter-1.14.3.jar:/Users/kishoreramamurthy/.m2/repository/org/testcontainers/testcontainers/1.14.3/testcontainers-1.14.3.jar:/Users/kishoreramamurthy/.m2/repository/junit/junit/4.13/junit-4.13.jar:/Users/kishoreramamurthy/.m2/repository/org/hamcrest/hamcrest-core/1.3/hamcrest-core-1.3.jar:/Users/kishoreramamurthy/.m2/repository/org/jetbrains/annotations/19.0.0/annotations-19.0.0.jar:/Users/kishoreramamurthy/.m2/repository/org/apache/commons/commons-compress/1.20/commons-compress-1.20.jar:/Users/kishoreramamurthy/.m2/repository/org/rnorth/duct-tape/duct-tape/1.0.8/duct-tape-1.0.8.jar:/Users/kishoreramamurthy/.m2/repository/org/rnorth/visible-assertions/visible-assertions/2.1.2/visible-assertions-2.1.2.jar:/Users/kishoreramamurthy/.m2/repository/org/rnorth/tcp-unix-socket-proxy/1.0.2/tcp-unix-socket-proxy-1.0.2.jar:/Users/kishoreramamurthy/.m2/repository/com/kohlschutter/junixsocket/junixsocket-native-common/2.0.4/junixsocket-native-common-2.0.4.jar:/Users/kishoreramamurthy/.m2/repository/org/scijava/native-lib-loader/2.0.2/native-lib-loader-2.0.2.jar:/Users/kishoreramamurthy/.m2/repository/com/kohlschutter/junixsocket/junixsocket-common/2.0.4/junixsocket-common-2.0.4.jar:/Users/kishoreramamurthy/.m2/repository/net/java/dev/jna/jna-platform/5.5.0/jna-platform-5.5.0.jar:/Users/kishoreramamurthy/.m2/repository/net/java/dev/jna/jna/5.5.0/jna-5.5.0.jar:/Users/kishoreramamurthy/.m2/repository/org/testcontainers/mysql/1.14.3/mysql-1.14.3.jar:/Users/kishoreramamurthy/.m2/repository/org/testcontainers/jdbc/1.14.3/jdbc-1.14.3.jar:/Users/kishoreramamurthy/.m2/repository/org/testcontainers/database-commons/1.14.3/database-commons-1.14.3.jar:/Users/kishoreramamurthy/.m2/repository/mysql/mysql-connector-java/8.0.21/mysql-connector-java-8.0.21.jar:/Users/kishoreramamurthy/.m2/repository/com/google/protobuf/protobuf-java/3.11.4/protobuf-java-3.11.4.jar:/Users/kishoreramamurthy/.m2/repository/org/mockito/mockito-core/3.5.7/mockito-core-3.5.7.jar:/Users/kishoreramamurthy/.m2/repository/net/bytebuddy/byte-buddy/1.10.14/byte-buddy-1.10.14.jar:/Users/kishoreramamurthy/.m2/repository/net/bytebuddy/byte-buddy-agent/1.10.13/byte-buddy-agent-1.10.13.jar:/Users/kishoreramamurthy/.m2/repository/org/objenesis/objenesis/3.1/objenesis-3.1.jar:/Users/kishoreramamurthy/.m2/repository/org/assertj/assertj-core/3.17.1/assertj-core-3.17.1.jar:/Users/kishoreramamurthy/.m2/repository/org/glassfish/jersey/test-framework/providers/jersey-test-framework-provider-inmemory/2.31/jersey-test-framework-provider-inmemory-2.31.jar:/Users/kishoreramamurthy/.m2/repository/org/glassfish/jersey/test-framework/providers/jersey-test-framework-provider-grizzly2/2.31/jersey-test-framework-provider-grizzly2-2.31.jar:/Users/kishoreramamurthy/.m2/repository/org/glassfish/jersey/containers/jersey-container-grizzly2-http/2.31/jersey-container-grizzly2-http-2.31.jar:/Users/kishoreramamurthy/.m2/repository/org/glassfish/grizzly/grizzly-http-server/2.4.4/grizzly-http-server-2.4.4.jar:/Users/kishoreramamurthy/.m2/repository/org/glassfish/grizzly/grizzly-http/2.4.4/grizzly-http-2.4.4.jar:/Users/kishoreramamurthy/.m2/repository/org/glassfish/grizzly/grizzly-framework/2.4.4/grizzly-framework-2.4.4.jar:/Users/kishoreramamurthy/.m2/repository/org/glassfish/jersey/containers/jersey-container-grizzly2-servlet/2.31/jersey-container-grizzly2-servlet-2.31.jar:/Users/kishoreramamurthy/.m2/repository/org/glassfish/grizzly/grizzly-http-servlet/2.4.4/grizzly-http-servlet-2.4.4.jar:"/>
    <property name="java.vm.vendor" value="Oracle Corporation"/>
    <property name="sun.arch.data.model" value="64"/>
    <property name="java.vendor.url" value="https://java.oracle.com/"/>
    <property name="user.timezone" value="UTC"/>
    <property name="os.name" value="Mac OS X"/>
    <property name="java.vm.specification.version" value="12"/>
    <property name="sun.java.launcher" value="SUN_STANDARD"/>
    <property name="user.country" value="US"/>
    <property name="sun.boot.library.path" value="/Library/Java/JavaVirtualMachines/jdk-12.0.2.jdk/Contents/Home/lib"/>
    <property name="sun.java.command" value="/Users/kishoreramamurthy/Desktop/affinipay/dropwizard/dropwizard-example/target/surefire/surefirebooter7307991571162584873.jar /Users/kishoreramamurthy/Desktop/affinipay/dropwizard/dropwizard-example/target/surefire 2020-09-10T18-16-42_810-jvmRun1 surefire6084168145937756269tmp surefire_01467842896828638325tmp"/>
    <property name="http.nonProxyHosts" value="local|*.local|169.254/16|*.169.254/16"/>
    <property name="jdk.debug" value="release"/>
    <property name="surefire.test.class.path" value="/Users/kishoreramamurthy/Desktop/affinipay/dropwizard/dropwizard-example/target/test-classes:/Users/kishoreramamurthy/Desktop/affinipay/dropwizard/dropwizard-example/target/classes:/Users/kishoreramamurthy/.m2/repository/io/dropwizard/dropwizard-core/2.0.13/dropwizard-core-2.0.13.jar:/Users/kishoreramamurthy/.m2/repository/io/dropwizard/dropwizard-util/2.0.13/dropwizard-util-2.0.13.jar:/Users/kishoreramamurthy/.m2/repository/io/dropwizard/dropwizard-jackson/2.0.13/dropwizard-jackson-2.0.13.jar:/Users/kishoreramamurthy/.m2/repository/com/fasterxml/jackson/core/jackson-core/2.10.5/jackson-core-2.10.5.jar:/Users/kishoreramamurthy/.m2/repository/com/fasterxml/jackson/datatype/jackson-datatype-jsr310/2.10.5/jackson-datatype-jsr310-2.10.5.jar:/Users/kishoreramamurthy/.m2/repository/com/fasterxml/jackson/datatype/jackson-datatype-jdk8/2.10.5/jackson-datatype-jdk8-2.10.5.jar:/Users/kishoreramamurthy/.m2/repository/com/fasterxml/jackson/module/jackson-module-parameter-names/2.10.5/jackson-module-parameter-names-2.10.5.jar:/Users/kishoreramamurthy/.m2/repository/com/fasterxml/jackson/module/jackson-module-afterburner/2.10.5/jackson-module-afterburner-2.10.5.jar:/Users/kishoreramamurthy/.m2/repository/com/fasterxml/jackson/datatype/jackson-datatype-joda/2.10.5/jackson-datatype-joda-2.10.5.jar:/Users/kishoreramamurthy/.m2/repository/io/dropwizard/dropwizard-validation/2.0.13/dropwizard-validation-2.0.13.jar:/Users/kishoreramamurthy/.m2/repository/com/fasterxml/classmate/1.5.1/classmate-1.5.1.jar:/Users/kishoreramamurthy/.m2/repository/org/glassfish/jakarta.el/3.0.3/jakarta.el-3.0.3.jar:/Users/kishoreramamurthy/.m2/repository/io/dropwizard/dropwizard-configuration/2.0.13/dropwizard-configuration-2.0.13.jar:/Users/kishoreramamurthy/.m2/repository/com/fasterxml/jackson/dataformat/jackson-dataformat-yaml/2.10.5/jackson-dataformat-yaml-2.10.5.jar:/Users/kishoreramamurthy/.m2/repository/org/yaml/snakeyaml/1.26/snakeyaml-1.26.jar:/Users/kishoreramamurthy/.m2/repository/org/apache/commons/commons-text/1.9/commons-text-1.9.jar:/Users/kishoreramamurthy/.m2/repository/io/dropwizard/dropwizard-logging/2.0.13/dropwizard-logging-2.0.13.jar:/Users/kishoreramamurthy/.m2/repository/io/dropwizard/metrics/metrics-logback/4.1.12.1/metrics-logback-4.1.12.1.jar:/Users/kishoreramamurthy/.m2/repository/org/slf4j/jul-to-slf4j/1.7.30/jul-to-slf4j-1.7.30.jar:/Users/kishoreramamurthy/.m2/repository/ch/qos/logback/logback-core/1.2.3/logback-core-1.2.3.jar:/Users/kishoreramamurthy/.m2/repository/io/dropwizard/logback/logback-throttling-appender/1.1.0/logback-throttling-appender-1.1.0.jar:/Users/kishoreramamurthy/.m2/repository/org/slf4j/log4j-over-slf4j/1.7.30/log4j-over-slf4j-1.7.30.jar:/Users/kishoreramamurthy/.m2/repository/org/slf4j/jcl-over-slf4j/1.7.30/jcl-over-slf4j-1.7.30.jar:/Users/kishoreramamurthy/.m2/repository/io/dropwizard/dropwizard-metrics/2.0.13/dropwizard-metrics-2.0.13.jar:/Users/kishoreramamurthy/.m2/repository/io/dropwizard/dropwizard-jersey/2.0.13/dropwizard-jersey-2.0.13.jar:/Users/kishoreramamurthy/.m2/repository/org/glassfish/jersey/ext/jersey-metainf-services/2.31/jersey-metainf-services-2.31.jar:/Users/kishoreramamurthy/.m2/repository/org/glassfish/jersey/inject/jersey-hk2/2.31/jersey-hk2-2.31.jar:/Users/kishoreramamurthy/.m2/repository/org/glassfish/hk2/hk2-locator/2.6.1/hk2-locator-2.6.1.jar:/Users/kishoreramamurthy/.m2/repository/io/dropwizard/metrics/metrics-jersey2/4.1.12.1/metrics-jersey2-4.1.12.1.jar:/Users/kishoreramamurthy/.m2/repository/org/glassfish/hk2/hk2-api/2.6.1/hk2-api-2.6.1.jar:/Users/kishoreramamurthy/.m2/repository/org/glassfish/hk2/hk2-utils/2.6.1/hk2-utils-2.6.1.jar:/Users/kishoreramamurthy/.m2/repository/org/glassfish/hk2/external/aopalliance-repackaged/2.6.1/aopalliance-repackaged-2.6.1.jar:/Users/kishoreramamurthy/.m2/repository/org/glassfish/jersey/containers/jersey-container-servlet/2.31/jersey-container-servlet-2.31.jar:/Users/kishoreramamurthy/.m2/repository/io/dropwizard/dropwizard-servlets/2.0.13/dropwizard-servlets-2.0.13.jar:/Users/kishoreramamurthy/.m2/repository/io/dropwizard/dropwizard-jetty/2.0.13/dropwizard-jetty-2.0.13.jar:/Users/kishoreramamurthy/.m2/repository/org/eclipse/jetty/jetty-servlets/9.4.31.v20200723/jetty-servlets-9.4.31.v20200723.jar:/Users/kishoreramamurthy/.m2/repository/org/eclipse/jetty/jetty-continuation/9.4.31.v20200723/jetty-continuation-9.4.31.v20200723.jar:/Users/kishoreramamurthy/.m2/repository/io/dropwizard/dropwizard-lifecycle/2.0.13/dropwizard-lifecycle-2.0.13.jar:/Users/kishoreramamurthy/.m2/repository/io/dropwizard/metrics/metrics-core/4.1.12.1/metrics-core-4.1.12.1.jar:/Users/kishoreramamurthy/.m2/repository/io/dropwizard/metrics/metrics-jetty9/4.1.12.1/metrics-jetty9-4.1.12.1.jar:/Users/kishoreramamurthy/.m2/repository/io/dropwizard/metrics/metrics-jvm/4.1.12.1/metrics-jvm-4.1.12.1.jar:/Users/kishoreramamurthy/.m2/repository/io/dropwizard/metrics/metrics-jmx/4.1.12.1/metrics-jmx-4.1.12.1.jar:/Users/kishoreramamurthy/.m2/repository/io/dropwizard/metrics/metrics-servlets/4.1.12.1/metrics-servlets-4.1.12.1.jar:/Users/kishoreramamurthy/.m2/repository/io/dropwizard/metrics/metrics-json/4.1.12.1/metrics-json-4.1.12.1.jar:/Users/kishoreramamurthy/.m2/repository/com/helger/profiler/1.1.1/profiler-1.1.1.jar:/Users/kishoreramamurthy/.m2/repository/io/dropwizard/metrics/metrics-healthchecks/4.1.12.1/metrics-healthchecks-4.1.12.1.jar:/Users/kishoreramamurthy/.m2/repository/io/dropwizard/dropwizard-request-logging/2.0.13/dropwizard-request-logging-2.0.13.jar:/Users/kishoreramamurthy/.m2/repository/ch/qos/logback/logback-access/1.2.3/logback-access-1.2.3.jar:/Users/kishoreramamurthy/.m2/repository/ch/qos/logback/logback-classic/1.2.3/logback-classic-1.2.3.jar:/Users/kishoreramamurthy/.m2/repository/com/fasterxml/jackson/core/jackson-annotations/2.10.5/jackson-annotations-2.10.5.jar:/Users/kishoreramamurthy/.m2/repository/com/fasterxml/jackson/core/jackson-databind/2.10.5/jackson-databind-2.10.5.jar:/Users/kishoreramamurthy/.m2/repository/com/google/code/findbugs/jsr305/3.0.2/jsr305-3.0.2.jar:/Users/kishoreramamurthy/.m2/repository/jakarta/servlet/jakarta.servlet-api/4.0.4/jakarta.servlet-api-4.0.4.jar:/Users/kishoreramamurthy/.m2/repository/jakarta/validation/jakarta.validation-api/2.0.2/jakarta.validation-api-2.0.2.jar:/Users/kishoreramamurthy/.m2/repository/jakarta/ws/rs/jakarta.ws.rs-api/2.1.6/jakarta.ws.rs-api-2.1.6.jar:/Users/kishoreramamurthy/.m2/repository/net/sourceforge/argparse4j/argparse4j/0.8.1/argparse4j-0.8.1.jar:/Users/kishoreramamurthy/.m2/repository/org/eclipse/jetty/jetty-security/9.4.31.v20200723/jetty-security-9.4.31.v20200723.jar:/Users/kishoreramamurthy/.m2/repository/org/eclipse/jetty/jetty-server/9.4.31.v20200723/jetty-server-9.4.31.v20200723.jar:/Users/kishoreramamurthy/.m2/repository/org/eclipse/jetty/jetty-servlet/9.4.31.v20200723/jetty-servlet-9.4.31.v20200723.jar:/Users/kishoreramamurthy/.m2/repository/org/eclipse/jetty/jetty-util/9.4.31.v20200723/jetty-util-9.4.31.v20200723.jar:/Users/kishoreramamurthy/.m2/repository/org/eclipse/jetty/toolchain/setuid/jetty-setuid-java/1.0.4/jetty-setuid-java-1.0.4.jar:/Users/kishoreramamurthy/.m2/repository/org/glassfish/hk2/external/jakarta.inject/2.6.1/jakarta.inject-2.6.1.jar:/Users/kishoreramamurthy/.m2/repository/org/glassfish/jersey/core/jersey-common/2.31/jersey-common-2.31.jar:/Users/kishoreramamurthy/.m2/repository/org/glassfish/hk2/osgi-resource-locator/1.0.3/osgi-resource-locator-1.0.3.jar:/Users/kishoreramamurthy/.m2/repository/com/sun/activation/jakarta.activation/1.2.2/jakarta.activation-1.2.2.jar:/Users/kishoreramamurthy/.m2/repository/org/glassfish/jersey/ext/jersey-bean-validation/2.31/jersey-bean-validation-2.31.jar:/Users/kishoreramamurthy/.m2/repository/org/hibernate/validator/hibernate-validator/6.1.5.Final/hibernate-validator-6.1.5.Final.jar:/Users/kishoreramamurthy/.m2/repository/org/jboss/logging/jboss-logging/3.3.2.Final/jboss-logging-3.3.2.Final.jar:/Users/kishoreramamurthy/.m2/repository/org/slf4j/slf4j-api/1.7.30/slf4j-api-1.7.30.jar:/Users/kishoreramamurthy/.m2/repository/io/dropwizard/dropwizard-auth/2.0.13/dropwizard-auth-2.0.13.jar:/Users/kishoreramamurthy/.m2/repository/io/dropwizard/metrics/metrics-caffeine/4.1.12.1/metrics-caffeine-4.1.12.1.jar:/Users/kishoreramamurthy/.m2/repository/com/github/ben-manes/caffeine/caffeine/2.8.5/caffeine-2.8.5.jar:/Users/kishoreramamurthy/.m2/repository/org/checkerframework/checker-qual/3.6.0/checker-qual-3.6.0.jar:/Users/kishoreramamurthy/.m2/repository/com/google/errorprone/error_prone_annotations/2.4.0/error_prone_annotations-2.4.0.jar:/Users/kishoreramamurthy/.m2/repository/com/google/guava/guava/29.0-jre/guava-29.0-jre.jar:/Users/kishoreramamurthy/.m2/repository/com/google/guava/failureaccess/1.0.1/failureaccess-1.0.1.jar:/Users/kishoreramamurthy/.m2/repository/com/google/guava/listenablefuture/9999.0-empty-to-avoid-conflict-with-guava/listenablefuture-9999.0-empty-to-avoid-conflict-with-guava.jar:/Users/kishoreramamurthy/.m2/repository/com/google/j2objc/j2objc-annotations/1.3/j2objc-annotations-1.3.jar:/Users/kishoreramamurthy/.m2/repository/jakarta/annotation/jakarta.annotation-api/1.3.5/jakarta.annotation-api-1.3.5.jar:/Users/kishoreramamurthy/.m2/repository/org/glassfish/jersey/containers/jersey-container-servlet-core/2.31/jersey-container-servlet-core-2.31.jar:/Users/kishoreramamurthy/.m2/repository/org/glassfish/jersey/core/jersey-server/2.31/jersey-server-2.31.jar:/Users/kishoreramamurthy/.m2/repository/org/glassfish/jersey/media/jersey-media-jaxb/2.31/jersey-media-jaxb-2.31.jar:/Users/kishoreramamurthy/.m2/repository/io/dropwizard/dropwizard-assets/2.0.13/dropwizard-assets-2.0.13.jar:/Users/kishoreramamurthy/.m2/repository/io/dropwizard/dropwizard-http2/2.0.13/dropwizard-http2-2.0.13.jar:/Users/kishoreramamurthy/.m2/repository/org/eclipse/jetty/jetty-alpn-server/9.4.31.v20200723/jetty-alpn-server-9.4.31.v20200723.jar:/Users/kishoreramamurthy/.m2/repository/org/eclipse/jetty/jetty-http/9.4.31.v20200723/jetty-http-9.4.31.v20200723.jar:/Users/kishoreramamurthy/.m2/repository/org/eclipse/jetty/http2/http2-server/9.4.31.v20200723/http2-server-9.4.31.v20200723.jar:/Users/kishoreramamurthy/.m2/repository/org/eclipse/jetty/http2/http2-common/9.4.31.v20200723/http2-common-9.4.31.v20200723.jar:/Users/kishoreramamurthy/.m2/repository/org/eclipse/jetty/http2/http2-hpack/9.4.31.v20200723/http2-hpack-9.4.31.v20200723.jar:/Users/kishoreramamurthy/.m2/repository/org/glassfish/jersey/core/jersey-client/2.31/jersey-client-2.31.jar:/Users/kishoreramamurthy/.m2/repository/org/eclipse/jetty/jetty-alpn-java-server/9.4.31.v20200723/jetty-alpn-java-server-9.4.31.v20200723.jar:/Users/kishoreramamurthy/.m2/repository/org/eclipse/jetty/jetty-alpn-java-client/9.4.31.v20200723/jetty-alpn-java-client-9.4.31.v20200723.jar:/Users/kishoreramamurthy/.m2/repository/org/eclipse/jetty/jetty-alpn-client/9.4.31.v20200723/jetty-alpn-client-9.4.31.v20200723.jar:/Users/kishoreramamurthy/.m2/repository/io/dropwizard/dropwizard-hibernate/2.0.13/dropwizard-hibernate-2.0.13.jar:/Users/kishoreramamurthy/.m2/repository/io/dropwizard/dropwizard-db/2.0.13/dropwizard-db-2.0.13.jar:/Users/kishoreramamurthy/.m2/repository/com/fasterxml/jackson/datatype/jackson-datatype-hibernate5/2.10.5/jackson-datatype-hibernate5-2.10.5.jar:/Users/kishoreramamurthy/.m2/repository/javax/transaction/javax.transaction-api/1.3/javax.transaction-api-1.3.jar:/Users/kishoreramamurthy/.m2/repository/javax/persistence/javax.persistence-api/2.2/javax.persistence-api-2.2.jar:/Users/kishoreramamurthy/.m2/repository/joda-time/joda-time/2.10.6/joda-time-2.10.6.jar:/Users/kishoreramamurthy/.m2/repository/org/apache/tomcat/tomcat-jdbc/9.0.37/tomcat-jdbc-9.0.37.jar:/Users/kishoreramamurthy/.m2/repository/org/apache/tomcat/tomcat-juli/9.0.37/tomcat-juli-9.0.37.jar:/Users/kishoreramamurthy/.m2/repository/org/javassist/javassist/3.27.0-GA/javassist-3.27.0-GA.jar:/Users/kishoreramamurthy/.m2/repository/org/jadira/usertype/usertype.core/7.0.0.CR1/usertype.core-7.0.0.CR1.jar:/Users/kishoreramamurthy/.m2/repository/org/jadira/usertype/usertype.spi/7.0.0.CR1/usertype.spi-7.0.0.CR1.jar:/Users/kishoreramamurthy/.m2/repository/org/hibernate/hibernate-core/5.4.21.Final/hibernate-core-5.4.21.Final.jar:/Users/kishoreramamurthy/.m2/repository/antlr/antlr/2.7.7/antlr-2.7.7.jar:/Users/kishoreramamurthy/.m2/repository/org/jboss/spec/javax/transaction/jboss-transaction-api_1.2_spec/1.1.1.Final/jboss-transaction-api_1.2_spec-1.1.1.Final.jar:/Users/kishoreramamurthy/.m2/repository/org/jboss/jandex/2.1.3.Final/jandex-2.1.3.Final.jar:/Users/kishoreramamurthy/.m2/repository/org/dom4j/dom4j/2.1.3/dom4j-2.1.3.jar:/Users/kishoreramamurthy/.m2/repository/org/hibernate/common/hibernate-commons-annotations/5.1.0.Final/hibernate-commons-annotations-5.1.0.Final.jar:/Users/kishoreramamurthy/.m2/repository/org/glassfish/jaxb/jaxb-runtime/2.3.1/jaxb-runtime-2.3.1.jar:/Users/kishoreramamurthy/.m2/repository/org/glassfish/jaxb/txw2/2.3.1/txw2-2.3.1.jar:/Users/kishoreramamurthy/.m2/repository/com/sun/istack/istack-commons-runtime/3.0.7/istack-commons-runtime-3.0.7.jar:/Users/kishoreramamurthy/.m2/repository/org/jvnet/staxex/stax-ex/1.8/stax-ex-1.8.jar:/Users/kishoreramamurthy/.m2/repository/com/sun/xml/fastinfoset/FastInfoset/1.2.15/FastInfoset-1.2.15.jar:/Users/kishoreramamurthy/.m2/repository/jakarta/activation/jakarta.activation-api/1.2.2/jakarta.activation-api-1.2.2.jar:/Users/kishoreramamurthy/.m2/repository/jakarta/xml/bind/jakarta.xml.bind-api/2.3.3/jakarta.xml.bind-api-2.3.3.jar:/Users/kishoreramamurthy/.m2/repository/io/dropwizard/dropwizard-migrations/2.0.13/dropwizard-migrations-2.0.13.jar:/Users/kishoreramamurthy/.m2/repository/org/apache/commons/commons-lang3/3.11/commons-lang3-3.11.jar:/Users/kishoreramamurthy/.m2/repository/org/liquibase/liquibase-core/3.10.2/liquibase-core-3.10.2.jar:/Users/kishoreramamurthy/.m2/repository/com/mattbertolini/liquibase-slf4j/2.0.0/liquibase-slf4j-2.0.0.jar:/Users/kishoreramamurthy/.m2/repository/io/dropwizard/dropwizard-views-freemarker/2.0.13/dropwizard-views-freemarker-2.0.13.jar:/Users/kishoreramamurthy/.m2/repository/io/dropwizard/dropwizard-views/2.0.13/dropwizard-views-2.0.13.jar:/Users/kishoreramamurthy/.m2/repository/org/freemarker/freemarker/2.3.30/freemarker-2.3.30.jar:/Users/kishoreramamurthy/.m2/repository/io/dropwizard/dropwizard-views-mustache/2.0.13/dropwizard-views-mustache-2.0.13.jar:/Users/kishoreramamurthy/.m2/repository/com/github/spullara/mustache/java/compiler/0.9.6/compiler-0.9.6.jar:/Users/kishoreramamurthy/.m2/repository/com/h2database/h2/1.4.200/h2-1.4.200.jar:/Users/kishoreramamurthy/.m2/repository/io/dropwizard/dropwizard-testing/2.0.13/dropwizard-testing-2.0.13.jar:/Users/kishoreramamurthy/.m2/repository/io/dropwizard/metrics/metrics-annotation/4.1.12.1/metrics-annotation-4.1.12.1.jar:/Users/kishoreramamurthy/.m2/repository/com/fasterxml/jackson/datatype/jackson-datatype-guava/2.10.5/jackson-datatype-guava-2.10.5.jar:/Users/kishoreramamurthy/.m2/repository/com/fasterxml/jackson/jaxrs/jackson-jaxrs-json-provider/2.10.5/jackson-jaxrs-json-provider-2.10.5.jar:/Users/kishoreramamurthy/.m2/repository/com/fasterxml/jackson/jaxrs/jackson-jaxrs-base/2.10.5/jackson-jaxrs-base-2.10.5.jar:/Users/kishoreramamurthy/.m2/repository/com/fasterxml/jackson/module/jackson-module-jaxb-annotations/2.10.5/jackson-module-jaxb-annotations-2.10.5.jar:/Users/kishoreramamurthy/.m2/repository/org/eclipse/jetty/jetty-io/9.4.31.v20200723/jetty-io-9.4.31.v20200723.jar:/Users/kishoreramamurthy/.m2/repository/org/glassfish/jersey/test-framework/jersey-test-framework-core/2.31/jersey-test-framework-core-2.31.jar:/Users/kishoreramamurthy/.m2/repository/org/junit/jupiter/junit-jupiter/5.6.2/junit-jupiter-5.6.2.jar:/Users/kishoreramamurthy/.m2/repository/org/junit/jupiter/junit-jupiter-api/5.6.2/junit-jupiter-api-5.6.2.jar:/Users/kishoreramamurthy/.m2/repository/org/apiguardian/apiguardian-api/1.1.0/apiguardian-api-1.1.0.jar:/Users/kishoreramamurthy/.m2/repository/org/opentest4j/opentest4j/1.2.0/opentest4j-1.2.0.jar:/Users/kishoreramamurthy/.m2/repository/org/junit/platform/junit-platform-commons/1.6.2/junit-platform-commons-1.6.2.jar:/Users/kishoreramamurthy/.m2/repository/org/junit/jupiter/junit-jupiter-params/5.6.2/junit-jupiter-params-5.6.2.jar:/Users/kishoreramamurthy/.m2/repository/org/junit/jupiter/junit-jupiter-engine/5.6.2/junit-jupiter-engine-5.6.2.jar:/Users/kishoreramamurthy/.m2/repository/org/junit/platform/junit-platform-engine/1.6.2/junit-platform-engine-1.6.2.jar:/Users/kishoreramamurthy/.m2/repository/org/testcontainers/junit-jupiter/1.14.3/junit-jupiter-1.14.3.jar:/Users/kishoreramamurthy/.m2/repository/org/testcontainers/testcontainers/1.14.3/testcontainers-1.14.3.jar:/Users/kishoreramamurthy/.m2/repository/junit/junit/4.13/junit-4.13.jar:/Users/kishoreramamurthy/.m2/repository/org/hamcrest/hamcrest-core/1.3/hamcrest-core-1.3.jar:/Users/kishoreramamurthy/.m2/repository/org/jetbrains/annotations/19.0.0/annotations-19.0.0.jar:/Users/kishoreramamurthy/.m2/repository/org/apache/commons/commons-compress/1.20/commons-compress-1.20.jar:/Users/kishoreramamurthy/.m2/repository/org/rnorth/duct-tape/duct-tape/1.0.8/duct-tape-1.0.8.jar:/Users/kishoreramamurthy/.m2/repository/org/rnorth/visible-assertions/visible-assertions/2.1.2/visible-assertions-2.1.2.jar:/Users/kishoreramamurthy/.m2/repository/org/rnorth/tcp-unix-socket-proxy/1.0.2/tcp-unix-socket-proxy-1.0.2.jar:/Users/kishoreramamurthy/.m2/repository/com/kohlschutter/junixsocket/junixsocket-native-common/2.0.4/junixsocket-native-common-2.0.4.jar:/Users/kishoreramamurthy/.m2/repository/org/scijava/native-lib-loader/2.0.2/native-lib-loader-2.0.2.jar:/Users/kishoreramamurthy/.m2/repository/com/kohlschutter/junixsocket/junixsocket-common/2.0.4/junixsocket-common-2.0.4.jar:/Users/kishoreramamurthy/.m2/repository/net/java/dev/jna/jna-platform/5.5.0/jna-platform-5.5.0.jar:/Users/kishoreramamurthy/.m2/repository/net/java/dev/jna/jna/5.5.0/jna-5.5.0.jar:/Users/kishoreramamurthy/.m2/repository/org/testcontainers/mysql/1.14.3/mysql-1.14.3.jar:/Users/kishoreramamurthy/.m2/repository/org/testcontainers/jdbc/1.14.3/jdbc-1.14.3.jar:/Users/kishoreramamurthy/.m2/repository/org/testcontainers/database-commons/1.14.3/database-commons-1.14.3.jar:/Users/kishoreramamurthy/.m2/repository/mysql/mysql-connector-java/8.0.21/mysql-connector-java-8.0.21.jar:/Users/kishoreramamurthy/.m2/repository/com/google/protobuf/protobuf-java/3.11.4/protobuf-java-3.11.4.jar:/Users/kishoreramamurthy/.m2/repository/org/mockito/mockito-core/3.5.7/mockito-core-3.5.7.jar:/Users/kishoreramamurthy/.m2/repository/net/bytebuddy/byte-buddy/1.10.14/byte-buddy-1.10.14.jar:/Users/kishoreramamurthy/.m2/repository/net/bytebuddy/byte-buddy-agent/1.10.13/byte-buddy-agent-1.10.13.jar:/Users/kishoreramamurthy/.m2/repository/org/objenesis/objenesis/3.1/objenesis-3.1.jar:/Users/kishoreramamurthy/.m2/repository/org/assertj/assertj-core/3.17.1/assertj-core-3.17.1.jar:/Users/kishoreramamurthy/.m2/repository/org/glassfish/jersey/test-framework/providers/jersey-test-framework-provider-inmemory/2.31/jersey-test-framework-provider-inmemory-2.31.jar:/Users/kishoreramamurthy/.m2/repository/org/glassfish/jersey/test-framework/providers/jersey-test-framework-provider-grizzly2/2.31/jersey-test-framework-provider-grizzly2-2.31.jar:/Users/kishoreramamurthy/.m2/repository/org/glassfish/jersey/containers/jersey-container-grizzly2-http/2.31/jersey-container-grizzly2-http-2.31.jar:/Users/kishoreramamurthy/.m2/repository/org/glassfish/grizzly/grizzly-http-server/2.4.4/grizzly-http-server-2.4.4.jar:/Users/kishoreramamurthy/.m2/repository/org/glassfish/grizzly/grizzly-http/2.4.4/grizzly-http-2.4.4.jar:/Users/kishoreramamurthy/.m2/repository/org/glassfish/grizzly/grizzly-framework/2.4.4/grizzly-framework-2.4.4.jar:/Users/kishoreramamurthy/.m2/repository/org/glassfish/jersey/containers/jersey-container-grizzly2-servlet/2.31/jersey-container-grizzly2-servlet-2.31.jar:/Users/kishoreramamurthy/.m2/repository/org/glassfish/grizzly/grizzly-http-servlet/2.4.4/grizzly-http-servlet-2.4.4.jar:"/>
    <property name="sun.cpu.endian" value="little"/>
    <property name="user.home" value="/Users/kishoreramamurthy"/>
    <property name="user.language" value="en"/>
    <property name="java.specification.vendor" value="Oracle Corporation"/>
    <property name="java.version.date" value="2019-07-16"/>
    <property name="java.home" value="/Library/Java/JavaVirtualMachines/jdk-12.0.2.jdk/Contents/Home"/>
    <property name="file.separator" value="/"/>
    <property name="basedir" value="/Users/kishoreramamurthy/Desktop/affinipay/dropwizard/dropwizard-example"/>
    <property name="java.vm.compressedOopsMode" value="Zero based"/>
    <property name="line.separator" value="&#10;"/>
    <property name="java.vm.specification.vendor" value="Oracle Corporation"/>
    <property name="java.specification.name" value="Java Platform API Specification"/>
    <property name="java.awt.graphicsenv" value="sun.awt.CGraphicsEnvironment"/>
    <property name="surefire.real.class.path" value="/Users/kishoreramamurthy/Desktop/affinipay/dropwizard/dropwizard-example/target/surefire/surefirebooter7307991571162584873.jar"/>
    <property name="sun.management.compiler" value="HotSpot 64-Bit Tiered Compilers"/>
    <property name="ftp.nonProxyHosts" value="local|*.local|169.254/16|*.169.254/16"/>
    <property name="java.runtime.version" value="12.0.2+10"/>
    <property name="user.name" value="kishoreramamurthy"/>
    <property name="path.separator" value=":"/>
    <property name="os.version" value="10.15.6"/>
    <property name="java.runtime.name" value="Java(TM) SE Runtime Environment"/>
    <property name="file.encoding" value="UTF-8"/>
    <property name="java.vm.name" value="Java HotSpot(TM) 64-Bit Server VM"/>
    <property name="localRepository" value="/Users/kishoreramamurthy/.m2/repository"/>
    <property name="java.vendor.url.bug" value="https://bugreport.java.com/bugreport/"/>
    <property name="java.io.tmpdir" value="/var/folders/z2/t01p62px5_d___d0xfq_l85h0000gn/T/"/>
    <property name="java.version" value="12.0.2"/>
    <property name="user.dir" value="/Users/kishoreramamurthy/Desktop/affinipay/dropwizard/dropwizard-example"/>
    <property name="os.arch" value="x86_64"/>
    <property name="java.vm.specification.name" value="Java Virtual Machine Specification"/>
    <property name="java.library.path" value="/Users/kishoreramamurthy/Library/Java/Extensions:/Library/Java/Extensions:/Network/Library/Java/Extensions:/System/Library/Java/Extensions:/usr/lib/java:."/>
    <property name="java.vm.info" value="mixed mode, sharing"/>
    <property name="java.vendor" value="Oracle Corporation"/>
    <property name="java.vm.version" value="12.0.2+10"/>
    <property name="sun.io.unicode.encoding" value="UnicodeBig"/>
    <property name="socksNonProxyHosts" value="local|*.local|169.254/16|*.169.254/16"/>
    <property name="java.class.version" value="56.0"/>
  </properties>
  <testcase name="test10" classname="assignment.TestCase" time="0.024"/>
  <testcase name="test11" classname="assignment.TestCase" time="0.004"/>
  <testcase name="test12" classname="assignment.TestCase" time="0.001"/>
  <testcase name="test13" classname="assignment.TestCase" time="0.001"/>
  <testcase name="test14" classname="assignment.TestCase" time="0.001"/>
  <testcase name="test15" classname="assignment.TestCase" time="0.001"/>
  <testcase name="test1" classname="assignment.TestCase" time="0.001"/>
  <testcase name="test2" classname="assignment.TestCase" time="0.002"/>
  <testcase name="test3" classname="assignment.TestCase" time="0.001"/>
  <testcase name="test4" classname="assignment.TestCase" time="0.001"/>
  <testcase name="test5" classname="assignment.TestCase" time="0.001"/>
  <testcase name="test6" classname="assignment.TestCase" time="0.001"/>
  <testcase name="test7" classname="assignment.TestCase" time="0.001"/>
  <testcase name="test8" classname="assignment.TestCase" time="0.003"/>
  <testcase name="test9" classname="assignment.TestCase" time="0"/>
</testsuite>